2023-12-10 12:07:36,390: 
 | Global Training Round : 1 |

2023-12-10 12:57:55,001: Training Epoch 0: loss 0.8034383085378339
2023-12-10 13:02:53,072: Evaluation Epoch 0: loss 0.45548856480043504 / dice 0.5445114351995648 / iou 0.7002304493787351 / precision 0.753119676874303 / accuracy 0.9971141198799436 / recall 0.8805573878909709
2023-12-10 13:02:53,072: 
 | Global Training Round : 2 |

2023-12-10 13:52:41,465: Training Epoch 1: loss 0.341033489791339
2023-12-10 13:55:49,579: Evaluation Epoch 1: loss 0.25099816918486717 / dice 0.7490018308151329 / iou 0.6408490894788145 / precision 0.66709873807258 / accuracy 0.9967408192090395 / recall 0.8979523955780215
2023-12-10 13:55:49,580: 
 | Global Training Round : 3 |

2023-12-10 14:45:14,536: Training Epoch 2: loss 0.26098058701563126
2023-12-10 14:48:28,629: Evaluation Epoch 2: loss 0.15304914065544495 / dice 0.8469508593445552 / iou 0.7541268974458935 / precision 0.8015890563454253 / accuracy 0.9979027262829566 / recall 0.9101966984493277
2023-12-10 14:48:28,630: 
 | Global Training Round : 4 |

2023-12-10 15:38:31,341: Training Epoch 3: loss 0.22487591392084819
2023-12-10 15:43:29,294: Evaluation Epoch 3: loss 0.1954407145935692 / dice 0.8045592854064306 / iou 0.7019393934726763 / precision 0.9132735646849378 / accuracy 0.9977563706450094 / recall 0.7360680750595177
2023-12-10 15:43:29,295: 
 | Global Training Round : 5 |

2023-12-10 16:33:39,976: Training Epoch 4: loss 0.20843227698367142
2023-12-10 16:38:36,527: Evaluation Epoch 4: loss 0.17572694524269375 / dice 0.8242730547573062 / iou 0.7257035051791049 / precision 0.8527869234655481 / accuracy 0.9979137976694914 / recall 0.8108157375049375
2023-12-10 16:38:36,527: 
 | Global Training Round : 6 |

2023-12-10 17:28:59,015: Training Epoch 5: loss 0.1884105846896409
2023-12-10 17:33:58,013: Evaluation Epoch 5: loss 0.13294080911999837 / dice 0.8670591908800015 / iou 0.7809607560604603 / precision 0.9084386687296254 / accuracy 0.9983470530249531 / recall 0.8354450316831821
2023-12-10 17:33:58,014: 
 | Global Training Round : 7 |

2023-12-10 18:24:33,355: Training Epoch 6: loss 0.17796707850143317
2023-12-10 18:29:32,137: Evaluation Epoch 6: loss 0.11756636670098 / dice 0.8824336332990198 / iou 0.8053355773310856 / precision 0.9122585242530847 / accuracy 0.9985267331685501 / recall 0.8593121057328531
2023-12-10 18:29:32,138: 
 | Global Training Round : 8 |

2023-12-10 19:20:05,287: Training Epoch 7: loss 0.16492205315643318
2023-12-10 19:25:04,110: Evaluation Epoch 7: loss 0.14193822788386304 / dice 0.858061772116137 / iou 0.7769175614204991 / precision 0.8273978448976843 / accuracy 0.998314206685499 / recall 0.8939498574573308
2023-12-10 19:25:04,111: 
 | Global Training Round : 9 |

2023-12-10 20:15:42,889: Training Epoch 8: loss 0.16980426365915535
2023-12-10 20:20:41,917: Evaluation Epoch 8: loss 0.1953897157800782 / dice 0.8046102842199221 / iou 0.7042466549837644 / precision 0.9420416144767683 / accuracy 0.9978247851930319 / recall 0.7315646423207887
2023-12-10 20:20:41,917: 
 | Global Training Round : 10 |

2023-12-10 21:11:17,130: Training Epoch 9: loss 0.16550370162203953
2023-12-10 21:16:14,888: Evaluation Epoch 9: loss 0.17403643606605024 / dice 0.8259635639339498 / iou 0.7342469278379152 / precision 0.7975098624841447 / accuracy 0.9979930261299436 / recall 0.875851003399715
2023-12-10 21:16:15,456: Data has been saved to output.csv
